[ 2018-01-12T00:10:47+08:00 ] ::1 /
INFO: [ app_init ] --START--
INFO: Run Behavior\BuildLiteBehavior [ RunTime:0.000021s ]
INFO: [ app_init ] --END-- [ RunTime:0.000511s ]
INFO: [ app_begin ] --START--
INFO: Run Behavior\ReadHtmlCacheBehavior [ RunTime:0.000922s ]
INFO: [ app_begin ] --END-- [ RunTime:0.000984s ]
SQL: SHOW COLUMNS FROM `blog_category` [ RunTime:0.0542s ]
SQL: SELECT * FROM `blog_category` WHERE ( fid = 0 )  [ RunTime:0.0005s ]
SQL: SELECT * FROM `blog_category` WHERE ( fid != 0 )  [ RunTime:0.0003s ]
SQL: SHOW COLUMNS FROM `blog_sites` [ RunTime:0.0660s ]
SQL: SELECT * FROM `blog_sites` WHERE `id` = 1 LIMIT 1   [ RunTime:0.0005s ]
SQL: SHOW COLUMNS FROM `blog_footer` [ RunTime:0.0509s ]
SQL: SELECT * FROM `blog_footer` WHERE ( fid=0 )  [ RunTime:0.0003s ]
SQL: SELECT * FROM `blog_footer` WHERE ( fid!=0 )  [ RunTime:0.0001s ]
SQL: SHOW COLUMNS FROM `blog_ksildes` [ RunTime:0.0292s ]
SQL: SELECT * FROM `blog_ksildes` WHERE ( status=1 ) ORDER BY id desc  [ RunTime:0.0006s ]
NOTIC: [8] Undefined offset: 4 C:\phpStudy\PHPTutorial\WWW\lichengmi\Application\Home\Controller\BaseController.class.php 第 70 行.
SQL: SHOW COLUMNS FROM `blog_indexmulu` [ RunTime:0.0411s ]
SQL: SELECT * FROM `blog_indexmulu` WHERE `id` = 1 LIMIT 1   [ RunTime:0.0004s ]
SQL: SHOW COLUMNS FROM `blog_demoa` [ RunTime:0.0572s ]
SQL: SELECT * FROM `blog_demoa` WHERE ( fid=2 )  [ RunTime:0.0005s ]
SQL: SELECT * FROM `blog_demoa` WHERE ( fid=27 )  [ RunTime:0.0003s ]
INFO: [ view_parse ] --START--
INFO: [ template_filter ] --START--
INFO: Run Behavior\ContentReplaceBehavior [ RunTime:0.000091s ]
INFO: [ template_filter ] --END-- [ RunTime:0.000156s ]
NOTIC: [8] Undefined variable: navat C:\phpStudy\PHPTutorial\WWW\lichengmi\Application\Runtime\Cache\Home\4ff1c5b8284f90a50fd957ef30c3e1de.php 第 30 行.
NOTIC: [8] Undefined variable: navat C:\phpStudy\PHPTutorial\WWW\lichengmi\Application\Runtime\Cache\Home\4ff1c5b8284f90a50fd957ef30c3e1de.php 第 30 行.
NOTIC: [8] Undefined variable: navat C:\phpStudy\PHPTutorial\WWW\lichengmi\Application\Runtime\Cache\Home\4ff1c5b8284f90a50fd957ef30c3e1de.php 第 30 行.
NOTIC: [8] Undefined variable: navat C:\phpStudy\PHPTutorial\WWW\lichengmi\Application\Runtime\Cache\Home\4ff1c5b8284f90a50fd957ef30c3e1de.php 第 30 行.
NOTIC: [8] Undefined variable: navat C:\phpStudy\PHPTutorial\WWW\lichengmi\Application\Runtime\Cache\Home\4ff1c5b8284f90a50fd957ef30c3e1de.php 第 30 行.
NOTIC: [8] Undefined variable: navat C:\phpStudy\PHPTutorial\WWW\lichengmi\Application\Runtime\Cache\Home\4ff1c5b8284f90a50fd957ef30c3e1de.php 第 30 行.
INFO: Run Behavior\ParseTemplateBehavior [ RunTime:0.201208s ]
INFO: [ view_parse ] --END-- [ RunTime:0.201272s ]
INFO: [ view_filter ] --START--
INFO: Run Behavior\WriteHtmlCacheBehavior [ RunTime:0.000619s ]
INFO: [ view_filter ] --END-- [ RunTime:0.000667s ]
INFO: [ app_end ] --START--
INFO: Run Behavior\ShowPageTraceBehavior [ RunTime:0.001051s ]
INFO: [ app_end ] --END-- [ RunTime:0.001118s ]

[ 2018-01-12T00:10:51+08:00 ] ::1 /Home/demoa/met/id/31.html
INFO: [ app_init ] --START--
INFO: Run Behavior\BuildLiteBehavior [ RunTime:0.000016s ]
INFO: [ app_init ] --END-- [ RunTime:0.000384s ]
INFO: [ app_begin ] --START--
INFO: Run Behavior\ReadHtmlCacheBehavior [ RunTime:0.000577s ]
INFO: [ app_begin ] --END-- [ RunTime:0.000621s ]
SQL: SHOW COLUMNS FROM `blog_category` [ RunTime:0.0869s ]
SQL: SELECT * FROM `blog_category` WHERE ( fid = 0 )  [ RunTime:0.0006s ]
SQL: SELECT * FROM `blog_category` WHERE ( fid != 0 )  [ RunTime:0.0006s ]
SQL: SHOW COLUMNS FROM `blog_sites` [ RunTime:0.0947s ]
SQL: SELECT * FROM `blog_sites` WHERE `id` = 1 LIMIT 1   [ RunTime:0.0004s ]
SQL: SHOW COLUMNS FROM `blog_footer` [ RunTime:0.0364s ]
SQL: SELECT * FROM `blog_footer` WHERE ( fid=0 )  [ RunTime:0.0004s ]
SQL: SELECT * FROM `blog_footer` WHERE ( fid!=0 )  [ RunTime:0.0003s ]
SQL: SELECT `name`,`fid`,`type` FROM `blog_category` WHERE ( id = 31 )  [ RunTime:0.0004s ]
SQL: SELECT `fid`,`name` FROM `blog_category` WHERE ( id=31 )  [ RunTime:0.0003s ]
SQL: SELECT * FROM `blog_category` WHERE ( fid=31 )  [ RunTime:0.0001s ]
SQL: SELECT COUNT(*) AS tp_count FROM `blog_category` WHERE ( id=0 ) LIMIT 1   [ RunTime:0.0002s ]
SQL: SHOW COLUMNS FROM `blog_demoa` [ RunTime:0.0294s ]
SQL: SELECT COUNT(*) AS tp_count FROM `blog_demoa` WHERE ( status=0 AND fid=31 ) LIMIT 1   [ RunTime:0.0005s ]
SQL: SELECT `title`,`pic1`,`id`,`content` FROM `blog_demoa` WHERE ( status=0 AND fid=31 ) LIMIT 0,9   [ RunTime:0.0006s ]
INFO: [ view_parse ] --START--
INFO: [ template_filter ] --START--
INFO: Run Behavior\ContentReplaceBehavior [ RunTime:0.000070s ]
INFO: [ template_filter ] --END-- [ RunTime:0.000134s ]
INFO: Run Behavior\ParseTemplateBehavior [ RunTime:0.108167s ]
INFO: [ view_parse ] --END-- [ RunTime:0.108254s ]
INFO: [ view_filter ] --START--
INFO: Run Behavior\WriteHtmlCacheBehavior [ RunTime:0.000870s ]
INFO: [ view_filter ] --END-- [ RunTime:0.000941s ]
INFO: [ app_end ] --START--
INFO: Run Behavior\ShowPageTraceBehavior [ RunTime:0.000878s ]
INFO: [ app_end ] --END-- [ RunTime:0.000922s ]

[ 2018-01-12T00:12:28+08:00 ] ::1 /Home/demoa/met/id/31.html
INFO: [ app_init ] --START--
INFO: Run Behavior\BuildLiteBehavior [ RunTime:0.000020s ]
INFO: [ app_init ] --END-- [ RunTime:0.000497s ]
INFO: [ app_begin ] --START--
INFO: Run Behavior\ReadHtmlCacheBehavior [ RunTime:0.000870s ]
INFO: [ app_begin ] --END-- [ RunTime:0.000935s ]
SQL: SHOW COLUMNS FROM `blog_category` [ RunTime:0.1899s ]
SQL: SELECT * FROM `blog_category` WHERE ( fid = 0 )  [ RunTime:0.0005s ]
SQL: SELECT * FROM `blog_category` WHERE ( fid != 0 )  [ RunTime:0.0004s ]
SQL: SHOW COLUMNS FROM `blog_sites` [ RunTime:0.0314s ]
SQL: SELECT * FROM `blog_sites` WHERE `id` = 1 LIMIT 1   [ RunTime:0.0005s ]
SQL: SHOW COLUMNS FROM `blog_footer` [ RunTime:0.0294s ]
SQL: SELECT * FROM `blog_footer` WHERE ( fid=0 )  [ RunTime:0.0004s ]
SQL: SELECT * FROM `blog_footer` WHERE ( fid!=0 )  [ RunTime:0.0003s ]
SQL: SELECT `name`,`fid`,`type` FROM `blog_category` WHERE ( id = 31 )  [ RunTime:0.0003s ]
SQL: SELECT `fid`,`name` FROM `blog_category` WHERE ( id=31 )  [ RunTime:0.0002s ]
SQL: SELECT * FROM `blog_category` WHERE ( fid=31 )  [ RunTime:0.0002s ]
SQL: SELECT COUNT(*) AS tp_count FROM `blog_category` WHERE ( id=0 ) LIMIT 1   [ RunTime:0.0003s ]
SQL: SHOW COLUMNS FROM `blog_demoa` [ RunTime:0.0328s ]
SQL: SELECT COUNT(*) AS tp_count FROM `blog_demoa` WHERE ( status=0 AND fid=31 ) LIMIT 1   [ RunTime:0.0005s ]
SQL: SELECT `title`,`pic1`,`id`,`content` FROM `blog_demoa` WHERE ( status=0 AND fid=31 ) LIMIT 0,9   [ RunTime:0.0006s ]
INFO: [ view_parse ] --START--
INFO: [ template_filter ] --START--
INFO: Run Behavior\ContentReplaceBehavior [ RunTime:0.000060s ]
INFO: [ template_filter ] --END-- [ RunTime:0.000122s ]
INFO: Run Behavior\ParseTemplateBehavior [ RunTime:0.019577s ]
INFO: [ view_parse ] --END-- [ RunTime:0.019665s ]
INFO: [ view_filter ] --START--
INFO: Run Behavior\WriteHtmlCacheBehavior [ RunTime:0.000587s ]
INFO: [ view_filter ] --END-- [ RunTime:0.000629s ]
INFO: [ app_end ] --START--
INFO: Run Behavior\ShowPageTraceBehavior [ RunTime:0.000719s ]
INFO: [ app_end ] --END-- [ RunTime:0.000756s ]

[ 2018-01-12T00:12:34+08:00 ] ::1 /Home/Demoa/met/id/25.html
INFO: [ app_init ] --START--
INFO: Run Behavior\BuildLiteBehavior [ RunTime:0.000016s ]
INFO: [ app_init ] --END-- [ RunTime:0.000354s ]
INFO: [ app_begin ] --START--
INFO: Run Behavior\ReadHtmlCacheBehavior [ RunTime:0.000565s ]
INFO: [ app_begin ] --END-- [ RunTime:0.000610s ]
SQL: SHOW COLUMNS FROM `blog_category` [ RunTime:0.0353s ]
SQL: SELECT * FROM `blog_category` WHERE ( fid = 0 )  [ RunTime:0.0005s ]
SQL: SELECT * FROM `blog_category` WHERE ( fid != 0 )  [ RunTime:0.0004s ]
SQL: SHOW COLUMNS FROM `blog_sites` [ RunTime:0.0309s ]
SQL: SELECT * FROM `blog_sites` WHERE `id` = 1 LIMIT 1   [ RunTime:0.0006s ]
SQL: SHOW COLUMNS FROM `blog_footer` [ RunTime:0.0273s ]
SQL: SELECT * FROM `blog_footer` WHERE ( fid=0 )  [ RunTime:0.0004s ]
SQL: SELECT * FROM `blog_footer` WHERE ( fid!=0 )  [ RunTime:0.0003s ]
SQL: SELECT `name`,`fid`,`type` FROM `blog_category` WHERE ( id = 25 )  [ RunTime:0.0002s ]
SQL: SELECT `fid`,`name` FROM `blog_category` WHERE ( id=25 )  [ RunTime:0.0001s ]
SQL: SELECT `fid`,`name` FROM `blog_category` WHERE ( id=24 )  [ RunTime:0.0001s ]
SQL: SELECT * FROM `blog_category` WHERE ( fid=24 )  [ RunTime:0.0001s ]
SQL: SELECT COUNT(*) AS tp_count FROM `blog_category` WHERE ( id=24 ) LIMIT 1   [ RunTime:0.0004s ]
SQL: SHOW COLUMNS FROM `blog_demoa` [ RunTime:1.3078s ]
SQL: SELECT `title`,`content` FROM `blog_demoa` WHERE ( status=0 AND fid=25 )  [ RunTime:0.0010s ]
SQL: SELECT * FROM `blog_demoa` WHERE ( status=0 AND fid=25 )  [ RunTime:0.0008s ]
INFO: [ view_parse ] --START--
INFO: [ template_filter ] --START--
INFO: Run Behavior\ContentReplaceBehavior [ RunTime:0.000081s ]
INFO: [ template_filter ] --END-- [ RunTime:0.000146s ]
NOTIC: [8] Use of undefined constant name - assumed 'name' C:\phpStudy\PHPTutorial\WWW\lichengmi\Application\Runtime\Cache\Home\62be6f923c5e1650ff2c07953c760379.php 第 49 行.
NOTIC: [8] Use of undefined constant id - assumed 'id' C:\phpStudy\PHPTutorial\WWW\lichengmi\Application\Runtime\Cache\Home\62be6f923c5e1650ff2c07953c760379.php 第 51 行.
NOTIC: [8] Use of undefined constant id - assumed 'id' C:\phpStudy\PHPTutorial\WWW\lichengmi\Application\Runtime\Cache\Home\62be6f923c5e1650ff2c07953c760379.php 第 51 行.
NOTIC: [8] Undefined index: title C:\phpStudy\PHPTutorial\WWW\lichengmi\Application\Runtime\Cache\Home\62be6f923c5e1650ff2c07953c760379.php 第 71 行.
INFO: Run Behavior\ParseTemplateBehavior [ RunTime:1.631085s ]
INFO: [ view_parse ] --END-- [ RunTime:1.631146s ]
INFO: [ view_filter ] --START--
INFO: Run Behavior\WriteHtmlCacheBehavior [ RunTime:0.000944s ]
INFO: [ view_filter ] --END-- [ RunTime:0.001264s ]
INFO: [ app_end ] --START--
INFO: Run Behavior\ShowPageTraceBehavior [ RunTime:0.001487s ]
INFO: [ app_end ] --END-- [ RunTime:0.001549s ]

[ 2018-01-12T00:12:34+08:00 ] ::1 /Home/Demoa/met/id/25.html
INFO: [ app_init ] --START--
INFO: Run Behavior\BuildLiteBehavior [ RunTime:0.000015s ]
INFO: [ app_init ] --END-- [ RunTime:0.000326s ]
INFO: [ app_begin ] --START--
INFO: Run Behavior\ReadHtmlCacheBehavior [ RunTime:0.000613s ]
INFO: [ app_begin ] --END-- [ RunTime:0.000670s ]
SQL: SHOW COLUMNS FROM `blog_category` [ RunTime:0.0318s ]
SQL: SELECT * FROM `blog_category` WHERE ( fid = 0 )  [ RunTime:0.0005s ]
SQL: SELECT * FROM `blog_category` WHERE ( fid != 0 )  [ RunTime:0.0005s ]
SQL: SHOW COLUMNS FROM `blog_sites` [ RunTime:0.0263s ]
SQL: SELECT * FROM `blog_sites` WHERE `id` = 1 LIMIT 1   [ RunTime:0.0004s ]
SQL: SHOW COLUMNS FROM `blog_footer` [ RunTime:0.0291s ]
SQL: SELECT * FROM `blog_footer` WHERE ( fid=0 )  [ RunTime:0.0004s ]
SQL: SELECT * FROM `blog_footer` WHERE ( fid!=0 )  [ RunTime:0.0002s ]
SQL: SELECT `name`,`fid`,`type` FROM `blog_category` WHERE ( id = 25 )  [ RunTime:0.0002s ]
SQL: SELECT `fid`,`name` FROM `blog_category` WHERE ( id=25 )  [ RunTime:0.0001s ]
SQL: SELECT `fid`,`name` FROM `blog_category` WHERE ( id=24 )  [ RunTime:0.0002s ]
SQL: SELECT * FROM `blog_category` WHERE ( fid=24 )  [ RunTime:0.0003s ]
SQL: SELECT COUNT(*) AS tp_count FROM `blog_category` WHERE ( id=24 ) LIMIT 1   [ RunTime:0.0002s ]
SQL: SHOW COLUMNS FROM `blog_demoa` [ RunTime:0.0237s ]
SQL: SELECT `title`,`content` FROM `blog_demoa` WHERE ( status=0 AND fid=25 )  [ RunTime:0.0008s ]
SQL: SELECT * FROM `blog_demoa` WHERE ( status=0 AND fid=25 )  [ RunTime:0.0007s ]
INFO: [ view_parse ] --START--
INFO: [ template_filter ] --START--
INFO: Run Behavior\ContentReplaceBehavior [ RunTime:0.000067s ]
INFO: [ template_filter ] --END-- [ RunTime:0.000125s ]
NOTIC: [8] Use of undefined constant name - assumed 'name' C:\phpStudy\PHPTutorial\WWW\lichengmi\Application\Runtime\Cache\Home\62be6f923c5e1650ff2c07953c760379.php 第 49 行.
NOTIC: [8] Use of undefined constant id - assumed 'id' C:\phpStudy\PHPTutorial\WWW\lichengmi\Application\Runtime\Cache\Home\62be6f923c5e1650ff2c07953c760379.php 第 51 行.
NOTIC: [8] Use of undefined constant id - assumed 'id' C:\phpStudy\PHPTutorial\WWW\lichengmi\Application\Runtime\Cache\Home\62be6f923c5e1650ff2c07953c760379.php 第 51 行.
NOTIC: [8] Undefined index: title C:\phpStudy\PHPTutorial\WWW\lichengmi\Application\Runtime\Cache\Home\62be6f923c5e1650ff2c07953c760379.php 第 71 行.
INFO: Run Behavior\ParseTemplateBehavior [ RunTime:0.019379s ]
INFO: [ view_parse ] --END-- [ RunTime:0.019432s ]
INFO: [ view_filter ] --START--
INFO: Run Behavior\WriteHtmlCacheBehavior [ RunTime:0.000496s ]
INFO: [ view_filter ] --END-- [ RunTime:0.000535s ]
INFO: [ app_end ] --START--
INFO: Run Behavior\ShowPageTraceBehavior [ RunTime:0.000749s ]
INFO: [ app_end ] --END-- [ RunTime:0.000788s ]

[ 2018-01-12T00:12:39+08:00 ] ::1 /Home/demoa/met/id/31.html
INFO: [ app_init ] --START--
INFO: Run Behavior\BuildLiteBehavior [ RunTime:0.000015s ]
INFO: [ app_init ] --END-- [ RunTime:0.000394s ]
INFO: [ app_begin ] --START--
INFO: Run Behavior\ReadHtmlCacheBehavior [ RunTime:0.000582s ]
INFO: [ app_begin ] --END-- [ RunTime:0.000630s ]
SQL: SHOW COLUMNS FROM `blog_category` [ RunTime:0.0338s ]
SQL: SELECT * FROM `blog_category` WHERE ( fid = 0 )  [ RunTime:0.0004s ]
SQL: SELECT * FROM `blog_category` WHERE ( fid != 0 )  [ RunTime:0.0002s ]
SQL: SHOW COLUMNS FROM `blog_sites` [ RunTime:0.0289s ]
SQL: SELECT * FROM `blog_sites` WHERE `id` = 1 LIMIT 1   [ RunTime:0.0005s ]
SQL: SHOW COLUMNS FROM `blog_footer` [ RunTime:0.0262s ]
SQL: SELECT * FROM `blog_footer` WHERE ( fid=0 )  [ RunTime:0.0003s ]
SQL: SELECT * FROM `blog_footer` WHERE ( fid!=0 )  [ RunTime:0.0002s ]
SQL: SELECT `name`,`fid`,`type` FROM `blog_category` WHERE ( id = 31 )  [ RunTime:0.0002s ]
SQL: SELECT `fid`,`name` FROM `blog_category` WHERE ( id=31 )  [ RunTime:0.0001s ]
SQL: SELECT * FROM `blog_category` WHERE ( fid=31 )  [ RunTime:0.0004s ]
SQL: SELECT COUNT(*) AS tp_count FROM `blog_category` WHERE ( id=0 ) LIMIT 1   [ RunTime:0.0004s ]
SQL: SHOW COLUMNS FROM `blog_demoa` [ RunTime:0.0247s ]
SQL: SELECT COUNT(*) AS tp_count FROM `blog_demoa` WHERE ( status=0 AND fid=31 ) LIMIT 1   [ RunTime:0.0004s ]
SQL: SELECT `title`,`pic1`,`id`,`content` FROM `blog_demoa` WHERE ( status=0 AND fid=31 ) LIMIT 0,9   [ RunTime:0.0003s ]
INFO: [ view_parse ] --START--
INFO: [ template_filter ] --START--
INFO: Run Behavior\ContentReplaceBehavior [ RunTime:0.000062s ]
INFO: [ template_filter ] --END-- [ RunTime:0.000120s ]
INFO: Run Behavior\ParseTemplateBehavior [ RunTime:0.017494s ]
INFO: [ view_parse ] --END-- [ RunTime:0.017563s ]
INFO: [ view_filter ] --START--
INFO: Run Behavior\WriteHtmlCacheBehavior [ RunTime:0.000831s ]
INFO: [ view_filter ] --END-- [ RunTime:0.000889s ]
INFO: [ app_end ] --START--
INFO: Run Behavior\ShowPageTraceBehavior [ RunTime:0.000843s ]
INFO: [ app_end ] --END-- [ RunTime:0.000885s ]

[ 2018-01-12T00:13:58+08:00 ] 192.168.1.105 /
INFO: [ app_init ] --START--
INFO: Run Behavior\BuildLiteBehavior [ RunTime:0.000018s ]
INFO: [ app_init ] --END-- [ RunTime:0.000493s ]
INFO: [ app_begin ] --START--
INFO: Run Behavior\ReadHtmlCacheBehavior [ RunTime:0.000833s ]
INFO: [ app_begin ] --END-- [ RunTime:0.000903s ]
SQL: SHOW COLUMNS FROM `blog_category` [ RunTime:0.0883s ]
SQL: SELECT * FROM `blog_category` WHERE ( fid = 0 )  [ RunTime:0.0004s ]
SQL: SELECT * FROM `blog_category` WHERE ( fid != 0 )  [ RunTime:0.0002s ]
SQL: SHOW COLUMNS FROM `blog_sites` [ RunTime:0.0239s ]
SQL: SELECT * FROM `blog_sites` WHERE `id` = 1 LIMIT 1   [ RunTime:0.0004s ]
SQL: SHOW COLUMNS FROM `blog_footer` [ RunTime:0.0279s ]
SQL: SELECT * FROM `blog_footer` WHERE ( fid=0 )  [ RunTime:0.0004s ]
SQL: SELECT * FROM `blog_footer` WHERE ( fid!=0 )  [ RunTime:0.0003s ]
SQL: SHOW COLUMNS FROM `blog_ksildes` [ RunTime:0.0250s ]
SQL: SELECT * FROM `blog_ksildes` WHERE ( status=1 ) ORDER BY id desc  [ RunTime:0.0004s ]
NOTIC: [8] Undefined offset: 4 C:\phpStudy\PHPTutorial\WWW\lichengmi\Application\Home\Controller\BaseController.class.php 第 70 行.
SQL: SHOW COLUMNS FROM `blog_indexmulu` [ RunTime:0.0234s ]
SQL: SELECT * FROM `blog_indexmulu` WHERE `id` = 1 LIMIT 1   [ RunTime:0.0005s ]
SQL: SHOW COLUMNS FROM `blog_demoa` [ RunTime:0.0244s ]
SQL: SELECT * FROM `blog_demoa` WHERE ( fid=2 )  [ RunTime:0.0004s ]
SQL: SELECT * FROM `blog_demoa` WHERE ( fid=27 )  [ RunTime:0.0002s ]
INFO: [ view_parse ] --START--
INFO: [ template_filter ] --START--
INFO: Run Behavior\ContentReplaceBehavior [ RunTime:0.000100s ]
INFO: [ template_filter ] --END-- [ RunTime:0.000159s ]
NOTIC: [8] Undefined variable: navat C:\phpStudy\PHPTutorial\WWW\lichengmi\Application\Runtime\Cache\Home\4ff1c5b8284f90a50fd957ef30c3e1de.php 第 30 行.
NOTIC: [8] Undefined variable: navat C:\phpStudy\PHPTutorial\WWW\lichengmi\Application\Runtime\Cache\Home\4ff1c5b8284f90a50fd957ef30c3e1de.php 第 30 行.
NOTIC: [8] Undefined variable: navat C:\phpStudy\PHPTutorial\WWW\lichengmi\Application\Runtime\Cache\Home\4ff1c5b8284f90a50fd957ef30c3e1de.php 第 30 行.
NOTIC: [8] Undefined variable: navat C:\phpStudy\PHPTutorial\WWW\lichengmi\Application\Runtime\Cache\Home\4ff1c5b8284f90a50fd957ef30c3e1de.php 第 30 行.
NOTIC: [8] Undefined variable: navat C:\phpStudy\PHPTutorial\WWW\lichengmi\Application\Runtime\Cache\Home\4ff1c5b8284f90a50fd957ef30c3e1de.php 第 30 行.
NOTIC: [8] Undefined variable: navat C:\phpStudy\PHPTutorial\WWW\lichengmi\Application\Runtime\Cache\Home\4ff1c5b8284f90a50fd957ef30c3e1de.php 第 30 行.
INFO: Run Behavior\ParseTemplateBehavior [ RunTime:0.165297s ]
INFO: [ view_parse ] --END-- [ RunTime:0.165354s ]
INFO: [ view_filter ] --START--
INFO: Run Behavior\WriteHtmlCacheBehavior [ RunTime:0.000699s ]
INFO: [ view_filter ] --END-- [ RunTime:0.000740s ]
INFO: [ app_end ] --START--
INFO: Run Behavior\ShowPageTraceBehavior [ RunTime:0.000874s ]
INFO: [ app_end ] --END-- [ RunTime:0.000925s ]

[ 2018-01-12T00:14:06+08:00 ] 192.168.1.105 /Home/demoa/met/id/31.html
INFO: [ app_init ] --START--
INFO: Run Behavior\BuildLiteBehavior [ RunTime:0.000016s ]
INFO: [ app_init ] --END-- [ RunTime:0.000362s ]
INFO: [ app_begin ] --START--
INFO: Run Behavior\ReadHtmlCacheBehavior [ RunTime:0.000622s ]
INFO: [ app_begin ] --END-- [ RunTime:0.000672s ]
SQL: SHOW COLUMNS FROM `blog_category` [ RunTime:0.0391s ]
SQL: SELECT * FROM `blog_category` WHERE ( fid = 0 )  [ RunTime:0.0004s ]
SQL: SELECT * FROM `blog_category` WHERE ( fid != 0 )  [ RunTime:0.0002s ]
SQL: SHOW COLUMNS FROM `blog_sites` [ RunTime:0.0266s ]
SQL: SELECT * FROM `blog_sites` WHERE `id` = 1 LIMIT 1   [ RunTime:0.0005s ]
SQL: SHOW COLUMNS FROM `blog_footer` [ RunTime:0.0229s ]
SQL: SELECT * FROM `blog_footer` WHERE ( fid=0 )  [ RunTime:0.0004s ]
SQL: SELECT * FROM `blog_footer` WHERE ( fid!=0 )  [ RunTime:0.0002s ]
SQL: SELECT `name`,`fid`,`type` FROM `blog_category` WHERE ( id = 31 )  [ RunTime:0.0004s ]
SQL: SELECT `fid`,`name` FROM `blog_category` WHERE ( id=31 )  [ RunTime:0.0001s ]
SQL: SELECT * FROM `blog_category` WHERE ( fid=31 )  [ RunTime:0.0004s ]
SQL: SELECT COUNT(*) AS tp_count FROM `blog_category` WHERE ( id=0 ) LIMIT 1   [ RunTime:0.0003s ]
SQL: SHOW COLUMNS FROM `blog_demoa` [ RunTime:0.0273s ]
SQL: SELECT COUNT(*) AS tp_count FROM `blog_demoa` WHERE ( status=0 AND fid=31 ) LIMIT 1   [ RunTime:0.0004s ]
SQL: SELECT `title`,`pic1`,`id`,`content` FROM `blog_demoa` WHERE ( status=0 AND fid=31 ) LIMIT 0,9   [ RunTime:0.0006s ]
INFO: [ view_parse ] --START--
INFO: [ template_filter ] --START--
INFO: Run Behavior\ContentReplaceBehavior [ RunTime:0.000067s ]
INFO: [ template_filter ] --END-- [ RunTime:0.000133s ]
INFO: Run Behavior\ParseTemplateBehavior [ RunTime:0.024969s ]
INFO: [ view_parse ] --END-- [ RunTime:0.025049s ]
INFO: [ view_filter ] --START--
INFO: Run Behavior\WriteHtmlCacheBehavior [ RunTime:0.000729s ]
INFO: [ view_filter ] --END-- [ RunTime:0.000800s ]
INFO: [ app_end ] --START--
INFO: Run Behavior\ShowPageTraceBehavior [ RunTime:0.000792s ]
INFO: [ app_end ] --END-- [ RunTime:0.000848s ]

[ 2018-01-12T00:14:09+08:00 ] 192.168.1.105 /Home/demoa/met/id/26.html
INFO: [ app_init ] --START--
INFO: Run Behavior\BuildLiteBehavior [ RunTime:0.000024s ]
INFO: [ app_init ] --END-- [ RunTime:0.000992s ]
INFO: [ app_begin ] --START--
INFO: Run Behavior\ReadHtmlCacheBehavior [ RunTime:0.000683s ]
INFO: [ app_begin ] --END-- [ RunTime:0.000746s ]
SQL: SHOW COLUMNS FROM `blog_category` [ RunTime:0.1120s ]
SQL: SELECT * FROM `blog_category` WHERE ( fid = 0 )  [ RunTime:0.0004s ]
SQL: SELECT * FROM `blog_category` WHERE ( fid != 0 )  [ RunTime:0.0005s ]
SQL: SHOW COLUMNS FROM `blog_sites` [ RunTime:0.0277s ]
SQL: SELECT * FROM `blog_sites` WHERE `id` = 1 LIMIT 1   [ RunTime:0.0005s ]
SQL: SHOW COLUMNS FROM `blog_footer` [ RunTime:0.0320s ]
SQL: SELECT * FROM `blog_footer` WHERE ( fid=0 )  [ RunTime:0.0005s ]
SQL: SELECT * FROM `blog_footer` WHERE ( fid!=0 )  [ RunTime:0.0003s ]
SQL: SELECT `name`,`fid`,`type` FROM `blog_category` WHERE ( id = 26 )  [ RunTime:0.0002s ]
SQL: SELECT `fid`,`name` FROM `blog_category` WHERE ( id=26 )  [ RunTime:0.0001s ]
SQL: SELECT * FROM `blog_category` WHERE ( fid=26 )  [ RunTime:0.0002s ]
SQL: SELECT COUNT(*) AS tp_count FROM `blog_category` WHERE ( id=0 ) LIMIT 1   [ RunTime:0.0001s ]
SQL: SHOW COLUMNS FROM `blog_demoa` [ RunTime:0.0368s ]
SQL: SELECT COUNT(*) AS tp_count FROM `blog_demoa` WHERE ( status=0 AND fid=26 ) LIMIT 1   [ RunTime:0.0004s ]
SQL: SELECT `title`,`pic1`,`id`,`content` FROM `blog_demoa` WHERE ( status=0 AND fid=26 ) LIMIT 0,9   [ RunTime:0.0005s ]
INFO: [ view_parse ] --START--
INFO: [ template_filter ] --START--
INFO: Run Behavior\ContentReplaceBehavior [ RunTime:0.000063s ]
INFO: [ template_filter ] --END-- [ RunTime:0.000124s ]
INFO: Run Behavior\ParseTemplateBehavior [ RunTime:0.021716s ]
INFO: [ view_parse ] --END-- [ RunTime:0.021796s ]
INFO: [ view_filter ] --START--
INFO: Run Behavior\WriteHtmlCacheBehavior [ RunTime:0.000721s ]
INFO: [ view_filter ] --END-- [ RunTime:0.000777s ]
INFO: [ app_end ] --START--
INFO: Run Behavior\ShowPageTraceBehavior [ RunTime:0.000884s ]
INFO: [ app_end ] --END-- [ RunTime:0.000941s ]

[ 2018-01-12T00:14:14+08:00 ] 192.168.1.105 /Home/demoa/met/id/24.html
INFO: [ app_init ] --START--
INFO: Run Behavior\BuildLiteBehavior [ RunTime:0.000018s ]
INFO: [ app_init ] --END-- [ RunTime:0.000432s ]
INFO: [ app_begin ] --START--
INFO: Run Behavior\ReadHtmlCacheBehavior [ RunTime:0.000746s ]
INFO: [ app_begin ] --END-- [ RunTime:0.000833s ]
SQL: SHOW COLUMNS FROM `blog_category` [ RunTime:0.0363s ]
SQL: SELECT * FROM `blog_category` WHERE ( fid = 0 )  [ RunTime:0.0004s ]
SQL: SELECT * FROM `blog_category` WHERE ( fid != 0 )  [ RunTime:0.0003s ]
SQL: SHOW COLUMNS FROM `blog_sites` [ RunTime:0.0242s ]
SQL: SELECT * FROM `blog_sites` WHERE `id` = 1 LIMIT 1   [ RunTime:0.0003s ]
SQL: SHOW COLUMNS FROM `blog_footer` [ RunTime:0.0254s ]
SQL: SELECT * FROM `blog_footer` WHERE ( fid=0 )  [ RunTime:0.0019s ]
SQL: SELECT * FROM `blog_footer` WHERE ( fid!=0 )  [ RunTime:0.0003s ]
SQL: SELECT `name`,`fid`,`type` FROM `blog_category` WHERE ( id = 24 )  [ RunTime:0.0002s ]
SQL: SELECT `fid`,`name` FROM `blog_category` WHERE ( id=24 )  [ RunTime:0.0002s ]
SQL: SELECT * FROM `blog_category` WHERE ( fid=24 )  [ RunTime:0.0004s ]
SQL: SELECT COUNT(*) AS tp_count FROM `blog_category` WHERE ( id=0 ) LIMIT 1   [ RunTime:0.0001s ]
INFO: [ app_end ] --START--
INFO: Run Behavior\ShowPageTraceBehavior [ RunTime:0.001434s ]
INFO: [ app_end ] --END-- [ RunTime:0.001501s ]

[ 2018-01-12T00:14:20+08:00 ] 192.168.1.105 /Home/Demoa/met/id/25.html
INFO: [ app_init ] --START--
INFO: Run Behavior\BuildLiteBehavior [ RunTime:0.000015s ]
INFO: [ app_init ] --END-- [ RunTime:0.000355s ]
INFO: [ app_begin ] --START--
INFO: Run Behavior\ReadHtmlCacheBehavior [ RunTime:0.000532s ]
INFO: [ app_begin ] --END-- [ RunTime:0.000576s ]
SQL: SHOW COLUMNS FROM `blog_category` [ RunTime:0.0348s ]
SQL: SELECT * FROM `blog_category` WHERE ( fid = 0 )  [ RunTime:0.0005s ]
SQL: SELECT * FROM `blog_category` WHERE ( fid != 0 )  [ RunTime:0.0004s ]
SQL: SHOW COLUMNS FROM `blog_sites` [ RunTime:0.0505s ]
SQL: SELECT * FROM `blog_sites` WHERE `id` = 1 LIMIT 1   [ RunTime:0.0005s ]
SQL: SHOW COLUMNS FROM `blog_footer` [ RunTime:0.0629s ]
SQL: SELECT * FROM `blog_footer` WHERE ( fid=0 )  [ RunTime:0.0004s ]
SQL: SELECT * FROM `blog_footer` WHERE ( fid!=0 )  [ RunTime:0.0002s ]
SQL: SELECT `name`,`fid`,`type` FROM `blog_category` WHERE ( id = 25 )  [ RunTime:0.0003s ]
SQL: SELECT `fid`,`name` FROM `blog_category` WHERE ( id=25 )  [ RunTime:0.0004s ]
SQL: SELECT `fid`,`name` FROM `blog_category` WHERE ( id=24 )  [ RunTime:0.0004s ]
SQL: SELECT * FROM `blog_category` WHERE ( fid=24 )  [ RunTime:0.0002s ]
SQL: SELECT COUNT(*) AS tp_count FROM `blog_category` WHERE ( id=24 ) LIMIT 1   [ RunTime:0.0001s ]
SQL: SHOW COLUMNS FROM `blog_demoa` [ RunTime:0.0997s ]
SQL: SELECT `title`,`content` FROM `blog_demoa` WHERE ( status=0 AND fid=25 )  [ RunTime:0.0008s ]
SQL: SELECT * FROM `blog_demoa` WHERE ( status=0 AND fid=25 )  [ RunTime:0.0009s ]
INFO: [ view_parse ] --START--
INFO: [ template_filter ] --START--
INFO: Run Behavior\ContentReplaceBehavior [ RunTime:0.000072s ]
INFO: [ template_filter ] --END-- [ RunTime:0.000136s ]
NOTIC: [8] Use of undefined constant name - assumed 'name' C:\phpStudy\PHPTutorial\WWW\lichengmi\Application\Runtime\Cache\Home\62be6f923c5e1650ff2c07953c760379.php 第 49 行.
NOTIC: [8] Use of undefined constant id - assumed 'id' C:\phpStudy\PHPTutorial\WWW\lichengmi\Application\Runtime\Cache\Home\62be6f923c5e1650ff2c07953c760379.php 第 51 行.
NOTIC: [8] Use of undefined constant id - assumed 'id' C:\phpStudy\PHPTutorial\WWW\lichengmi\Application\Runtime\Cache\Home\62be6f923c5e1650ff2c07953c760379.php 第 51 行.
NOTIC: [8] Undefined index: title C:\phpStudy\PHPTutorial\WWW\lichengmi\Application\Runtime\Cache\Home\62be6f923c5e1650ff2c07953c760379.php 第 71 行.
INFO: Run Behavior\ParseTemplateBehavior [ RunTime:0.024721s ]
INFO: [ view_parse ] --END-- [ RunTime:0.024796s ]
INFO: [ view_filter ] --START--
INFO: Run Behavior\WriteHtmlCacheBehavior [ RunTime:0.000764s ]
INFO: [ view_filter ] --END-- [ RunTime:0.000827s ]
INFO: [ app_end ] --START--
INFO: Run Behavior\ShowPageTraceBehavior [ RunTime:0.001033s ]
INFO: [ app_end ] --END-- [ RunTime:0.001096s ]

[ 2018-01-12T00:14:23+08:00 ] 192.168.1.105 /Home/demoa/met/id/24.html
INFO: [ app_init ] --START--
INFO: Run Behavior\BuildLiteBehavior [ RunTime:0.000020s ]
INFO: [ app_init ] --END-- [ RunTime:0.000471s ]
INFO: [ app_begin ] --START--
INFO: Run Behavior\ReadHtmlCacheBehavior [ RunTime:0.000758s ]
INFO: [ app_begin ] --END-- [ RunTime:0.000840s ]
SQL: SHOW COLUMNS FROM `blog_category` [ RunTime:0.0569s ]
SQL: SELECT * FROM `blog_category` WHERE ( fid = 0 )  [ RunTime:0.0005s ]
SQL: SELECT * FROM `blog_category` WHERE ( fid != 0 )  [ RunTime:0.0006s ]
SQL: SHOW COLUMNS FROM `blog_sites` [ RunTime:0.0465s ]
SQL: SELECT * FROM `blog_sites` WHERE `id` = 1 LIMIT 1   [ RunTime:0.0005s ]
SQL: SHOW COLUMNS FROM `blog_footer` [ RunTime:0.0430s ]
SQL: SELECT * FROM `blog_footer` WHERE ( fid=0 )  [ RunTime:0.0004s ]
SQL: SELECT * FROM `blog_footer` WHERE ( fid!=0 )  [ RunTime:0.0001s ]
SQL: SELECT `name`,`fid`,`type` FROM `blog_category` WHERE ( id = 24 )  [ RunTime:0.0002s ]
SQL: SELECT `fid`,`name` FROM `blog_category` WHERE ( id=24 )  [ RunTime:0.0002s ]
SQL: SELECT * FROM `blog_category` WHERE ( fid=24 )  [ RunTime:0.0004s ]
SQL: SELECT COUNT(*) AS tp_count FROM `blog_category` WHERE ( id=0 ) LIMIT 1   [ RunTime:0.0003s ]
INFO: [ app_end ] --START--
INFO: Run Behavior\ShowPageTraceBehavior [ RunTime:0.001228s ]
INFO: [ app_end ] --END-- [ RunTime:0.001299s ]

[ 2018-01-12T00:14:25+08:00 ] 192.168.1.105 /Home/demoa/met/id/24.html
INFO: [ app_init ] --START--
INFO: Run Behavior\BuildLiteBehavior [ RunTime:0.000017s ]
INFO: [ app_init ] --END-- [ RunTime:0.000372s ]
INFO: [ app_begin ] --START--
INFO: Run Behavior\ReadHtmlCacheBehavior [ RunTime:0.000654s ]
INFO: [ app_begin ] --END-- [ RunTime:0.000713s ]
SQL: SHOW COLUMNS FROM `blog_category` [ RunTime:0.0405s ]
SQL: SELECT * FROM `blog_category` WHERE ( fid = 0 )  [ RunTime:0.0005s ]
SQL: SELECT * FROM `blog_category` WHERE ( fid != 0 )  [ RunTime:0.0003s ]
SQL: SHOW COLUMNS FROM `blog_sites` [ RunTime:0.0504s ]
SQL: SELECT * FROM `blog_sites` WHERE `id` = 1 LIMIT 1   [ RunTime:0.0004s ]
SQL: SHOW COLUMNS FROM `blog_footer` [ RunTime:0.0473s ]
SQL: SELECT * FROM `blog_footer` WHERE ( fid=0 )  [ RunTime:0.0005s ]
SQL: SELECT * FROM `blog_footer` WHERE ( fid!=0 )  [ RunTime:0.0003s ]
SQL: SELECT `name`,`fid`,`type` FROM `blog_category` WHERE ( id = 24 )  [ RunTime:0.0002s ]
SQL: SELECT `fid`,`name` FROM `blog_category` WHERE ( id=24 )  [ RunTime:0.0001s ]
SQL: SELECT * FROM `blog_category` WHERE ( fid=24 )  [ RunTime:0.0001s ]
SQL: SELECT COUNT(*) AS tp_count FROM `blog_category` WHERE ( id=0 ) LIMIT 1   [ RunTime:0.0003s ]
INFO: [ app_end ] --START--
INFO: Run Behavior\ShowPageTraceBehavior [ RunTime:0.001197s ]
INFO: [ app_end ] --END-- [ RunTime:0.001260s ]

[ 2018-01-12T00:14:34+08:00 ] 192.168.1.105 /
INFO: [ app_init ] --START--
INFO: Run Behavior\BuildLiteBehavior [ RunTime:0.000018s ]
INFO: [ app_init ] --END-- [ RunTime:0.000399s ]
INFO: [ app_begin ] --START--
INFO: Run Behavior\ReadHtmlCacheBehavior [ RunTime:0.000776s ]
INFO: [ app_begin ] --END-- [ RunTime:0.000863s ]
SQL: SHOW COLUMNS FROM `blog_category` [ RunTime:0.0299s ]
SQL: SELECT * FROM `blog_category` WHERE ( fid = 0 )  [ RunTime:0.0004s ]
SQL: SELECT * FROM `blog_category` WHERE ( fid != 0 )  [ RunTime:0.0003s ]
SQL: SHOW COLUMNS FROM `blog_sites` [ RunTime:0.0245s ]
SQL: SELECT * FROM `blog_sites` WHERE `id` = 1 LIMIT 1   [ RunTime:0.0004s ]
SQL: SHOW COLUMNS FROM `blog_footer` [ RunTime:0.0264s ]
SQL: SELECT * FROM `blog_footer` WHERE ( fid=0 )  [ RunTime:0.0004s ]
SQL: SELECT * FROM `blog_footer` WHERE ( fid!=0 )  [ RunTime:0.0004s ]
SQL: SHOW COLUMNS FROM `blog_ksildes` [ RunTime:0.0293s ]
SQL: SELECT * FROM `blog_ksildes` WHERE ( status=1 ) ORDER BY id desc  [ RunTime:0.0004s ]
NOTIC: [8] Undefined offset: 4 C:\phpStudy\PHPTutorial\WWW\lichengmi\Application\Home\Controller\BaseController.class.php 第 70 行.
SQL: SHOW COLUMNS FROM `blog_indexmulu` [ RunTime:0.0251s ]
SQL: SELECT * FROM `blog_indexmulu` WHERE `id` = 1 LIMIT 1   [ RunTime:0.0004s ]
SQL: SHOW COLUMNS FROM `blog_demoa` [ RunTime:0.0235s ]
SQL: SELECT * FROM `blog_demoa` WHERE ( fid=2 )  [ RunTime:0.0004s ]
SQL: SELECT * FROM `blog_demoa` WHERE ( fid=27 )  [ RunTime:0.0004s ]
INFO: [ view_parse ] --START--
INFO: [ template_filter ] --START--
INFO: Run Behavior\ContentReplaceBehavior [ RunTime:0.000106s ]
INFO: [ template_filter ] --END-- [ RunTime:0.000180s ]
NOTIC: [8] Undefined variable: navat C:\phpStudy\PHPTutorial\WWW\lichengmi\Application\Runtime\Cache\Home\4ff1c5b8284f90a50fd957ef30c3e1de.php 第 30 行.
NOTIC: [8] Undefined variable: navat C:\phpStudy\PHPTutorial\WWW\lichengmi\Application\Runtime\Cache\Home\4ff1c5b8284f90a50fd957ef30c3e1de.php 第 30 行.
NOTIC: [8] Undefined variable: navat C:\phpStudy\PHPTutorial\WWW\lichengmi\Application\Runtime\Cache\Home\4ff1c5b8284f90a50fd957ef30c3e1de.php 第 30 行.
NOTIC: [8] Undefined variable: navat C:\phpStudy\PHPTutorial\WWW\lichengmi\Application\Runtime\Cache\Home\4ff1c5b8284f90a50fd957ef30c3e1de.php 第 30 行.
NOTIC: [8] Undefined variable: navat C:\phpStudy\PHPTutorial\WWW\lichengmi\Application\Runtime\Cache\Home\4ff1c5b8284f90a50fd957ef30c3e1de.php 第 30 行.
NOTIC: [8] Undefined variable: navat C:\phpStudy\PHPTutorial\WWW\lichengmi\Application\Runtime\Cache\Home\4ff1c5b8284f90a50fd957ef30c3e1de.php 第 30 行.
INFO: Run Behavior\ParseTemplateBehavior [ RunTime:0.164985s ]
INFO: [ view_parse ] --END-- [ RunTime:0.165039s ]
INFO: [ view_filter ] --START--
INFO: Run Behavior\WriteHtmlCacheBehavior [ RunTime:0.000518s ]
INFO: [ view_filter ] --END-- [ RunTime:0.000557s ]
INFO: [ app_end ] --START--
INFO: Run Behavior\ShowPageTraceBehavior [ RunTime:0.000784s ]
INFO: [ app_end ] --END-- [ RunTime:0.000826s ]

[ 2018-01-12T00:14:42+08:00 ] 192.168.1.105 /Home/demoa/met/id/26.html
INFO: [ app_init ] --START--
INFO: Run Behavior\BuildLiteBehavior [ RunTime:0.000022s ]
INFO: [ app_init ] --END-- [ RunTime:0.000426s ]
INFO: [ app_begin ] --START--
INFO: Run Behavior\ReadHtmlCacheBehavior [ RunTime:0.000718s ]
INFO: [ app_begin ] --END-- [ RunTime:0.000795s ]
SQL: SHOW COLUMNS FROM `blog_category` [ RunTime:0.0546s ]
SQL: SELECT * FROM `blog_category` WHERE ( fid = 0 )  [ RunTime:0.0005s ]
SQL: SELECT * FROM `blog_category` WHERE ( fid != 0 )  [ RunTime:0.0003s ]
SQL: SHOW COLUMNS FROM `blog_sites` [ RunTime:0.0349s ]
SQL: SELECT * FROM `blog_sites` WHERE `id` = 1 LIMIT 1   [ RunTime:0.0005s ]
SQL: SHOW COLUMNS FROM `blog_footer` [ RunTime:0.0272s ]
SQL: SELECT * FROM `blog_footer` WHERE ( fid=0 )  [ RunTime:0.0003s ]
SQL: SELECT * FROM `blog_footer` WHERE ( fid!=0 )  [ RunTime:0.0002s ]
SQL: SELECT `name`,`fid`,`type` FROM `blog_category` WHERE ( id = 26 )  [ RunTime:0.0003s ]
SQL: SELECT `fid`,`name` FROM `blog_category` WHERE ( id=26 )  [ RunTime:0.0002s ]
SQL: SELECT * FROM `blog_category` WHERE ( fid=26 )  [ RunTime:0.0002s ]
SQL: SELECT COUNT(*) AS tp_count FROM `blog_category` WHERE ( id=0 ) LIMIT 1   [ RunTime:0.0004s ]
SQL: SHOW COLUMNS FROM `blog_demoa` [ RunTime:0.0288s ]
SQL: SELECT COUNT(*) AS tp_count FROM `blog_demoa` WHERE ( status=0 AND fid=26 ) LIMIT 1   [ RunTime:0.0004s ]
SQL: SELECT `title`,`pic1`,`id`,`content` FROM `blog_demoa` WHERE ( status=0 AND fid=26 ) LIMIT 0,9   [ RunTime:0.0005s ]
INFO: [ view_parse ] --START--
INFO: [ template_filter ] --START--
INFO: Run Behavior\ContentReplaceBehavior [ RunTime:0.000066s ]
INFO: [ template_filter ] --END-- [ RunTime:0.000125s ]
INFO: Run Behavior\ParseTemplateBehavior [ RunTime:0.019602s ]
INFO: [ view_parse ] --END-- [ RunTime:0.019671s ]
INFO: [ view_filter ] --START--
INFO: Run Behavior\WriteHtmlCacheBehavior [ RunTime:0.000525s ]
INFO: [ view_filter ] --END-- [ RunTime:0.000564s ]
INFO: [ app_end ] --START--
INFO: Run Behavior\ShowPageTraceBehavior [ RunTime:0.000751s ]
INFO: [ app_end ] --END-- [ RunTime:0.000791s ]

[ 2018-01-12T00:14:44+08:00 ] 192.168.1.105 /Home/demoa/met/id/3.html
INFO: [ app_init ] --START--
INFO: Run Behavior\BuildLiteBehavior [ RunTime:0.000019s ]
INFO: [ app_init ] --END-- [ RunTime:0.000382s ]
INFO: [ app_begin ] --START--
INFO: Run Behavior\ReadHtmlCacheBehavior [ RunTime:0.000703s ]
INFO: [ app_begin ] --END-- [ RunTime:0.000771s ]
SQL: SHOW COLUMNS FROM `blog_category` [ RunTime:0.0463s ]
SQL: SELECT * FROM `blog_category` WHERE ( fid = 0 )  [ RunTime:0.0006s ]
SQL: SELECT * FROM `blog_category` WHERE ( fid != 0 )  [ RunTime:0.0004s ]
SQL: SHOW COLUMNS FROM `blog_sites` [ RunTime:0.0310s ]
SQL: SELECT * FROM `blog_sites` WHERE `id` = 1 LIMIT 1   [ RunTime:0.0006s ]
SQL: SHOW COLUMNS FROM `blog_footer` [ RunTime:0.0691s ]
SQL: SELECT * FROM `blog_footer` WHERE ( fid=0 )  [ RunTime:0.0004s ]
SQL: SELECT * FROM `blog_footer` WHERE ( fid!=0 )  [ RunTime:0.0004s ]
SQL: SELECT `name`,`fid`,`type` FROM `blog_category` WHERE ( id = 3 )  [ RunTime:0.0003s ]
SQL: SELECT `fid`,`name` FROM `blog_category` WHERE ( id=3 )  [ RunTime:0.0004s ]
SQL: SELECT * FROM `blog_category` WHERE ( fid=3 )  [ RunTime:0.0005s ]
SQL: SELECT COUNT(*) AS tp_count FROM `blog_category` WHERE ( id=0 ) LIMIT 1   [ RunTime:0.0004s ]
INFO: [ app_end ] --START--
INFO: Run Behavior\ShowPageTraceBehavior [ RunTime:0.001183s ]
INFO: [ app_end ] --END-- [ RunTime:0.001251s ]

[ 2018-01-12T00:14:57+08:00 ] 192.168.1.105 /Home/demoa/met/id/3.html
INFO: [ app_init ] --START--
INFO: Run Behavior\BuildLiteBehavior [ RunTime:0.000016s ]
INFO: [ app_init ] --END-- [ RunTime:0.000354s ]
INFO: [ app_begin ] --START--
INFO: Run Behavior\ReadHtmlCacheBehavior [ RunTime:0.000603s ]
INFO: [ app_begin ] --END-- [ RunTime:0.000655s ]
SQL: SHOW COLUMNS FROM `blog_category` [ RunTime:0.0283s ]
SQL: SELECT * FROM `blog_category` WHERE ( fid = 0 )  [ RunTime:0.0004s ]
SQL: SELECT * FROM `blog_category` WHERE ( fid != 0 )  [ RunTime:0.0003s ]
SQL: SHOW COLUMNS FROM `blog_sites` [ RunTime:0.0258s ]
SQL: SELECT * FROM `blog_sites` WHERE `id` = 1 LIMIT 1   [ RunTime:0.0004s ]
SQL: SHOW COLUMNS FROM `blog_footer` [ RunTime:0.0249s ]
SQL: SELECT * FROM `blog_footer` WHERE ( fid=0 )  [ RunTime:0.0004s ]
SQL: SELECT * FROM `blog_footer` WHERE ( fid!=0 )  [ RunTime:0.0001s ]
SQL: SELECT `name`,`fid`,`type` FROM `blog_category` WHERE ( id = 3 )  [ RunTime:0.0001s ]
SQL: SELECT `fid`,`name` FROM `blog_category` WHERE ( id=3 )  [ RunTime:0.0001s ]
SQL: SELECT * FROM `blog_category` WHERE ( fid=3 )  [ RunTime:0.0001s ]
SQL: SELECT COUNT(*) AS tp_count FROM `blog_category` WHERE ( id=0 ) LIMIT 1   [ RunTime:0.0001s ]
INFO: [ app_end ] --START--
INFO: Run Behavior\ShowPageTraceBehavior [ RunTime:0.000973s ]
INFO: [ app_end ] --END-- [ RunTime:0.001015s ]

[ 2018-01-12T00:15:14+08:00 ] 192.168.1.105 /Home/demoa/met/id/22.html
INFO: [ app_init ] --START--
INFO: Run Behavior\BuildLiteBehavior [ RunTime:0.000015s ]
INFO: [ app_init ] --END-- [ RunTime:0.000347s ]
INFO: [ app_begin ] --START--
INFO: Run Behavior\ReadHtmlCacheBehavior [ RunTime:0.000742s ]
INFO: [ app_begin ] --END-- [ RunTime:0.000815s ]
SQL: SHOW COLUMNS FROM `blog_category` [ RunTime:0.0350s ]
SQL: SELECT * FROM `blog_category` WHERE ( fid = 0 )  [ RunTime:0.0005s ]
SQL: SELECT * FROM `blog_category` WHERE ( fid != 0 )  [ RunTime:0.0002s ]
SQL: SHOW COLUMNS FROM `blog_sites` [ RunTime:0.0248s ]
SQL: SELECT * FROM `blog_sites` WHERE `id` = 1 LIMIT 1   [ RunTime:0.0004s ]
SQL: SHOW COLUMNS FROM `blog_footer` [ RunTime:0.0249s ]
SQL: SELECT * FROM `blog_footer` WHERE ( fid=0 )  [ RunTime:0.0003s ]
SQL: SELECT * FROM `blog_footer` WHERE ( fid!=0 )  [ RunTime:0.0001s ]
SQL: SELECT `name`,`fid`,`type` FROM `blog_category` WHERE ( id = 22 )  [ RunTime:0.0002s ]
SQL: SELECT `fid`,`name` FROM `blog_category` WHERE ( id=22 )  [ RunTime:0.0002s ]
SQL: SELECT * FROM `blog_category` WHERE ( fid=22 )  [ RunTime:0.0003s ]
SQL: SELECT COUNT(*) AS tp_count FROM `blog_category` WHERE ( id=0 ) LIMIT 1   [ RunTime:0.0002s ]
SQL: SHOW COLUMNS FROM `blog_demoa` [ RunTime:0.0243s ]
SQL: SELECT COUNT(*) AS tp_count FROM `blog_demoa` WHERE ( status=0 AND fid=22 ) LIMIT 1   [ RunTime:0.0004s ]
SQL: SELECT `title`,`pic1`,`id`,`content` FROM `blog_demoa` WHERE ( status=0 AND fid=22 ) LIMIT 0,9   [ RunTime:0.0004s ]
INFO: [ view_parse ] --START--
INFO: [ template_filter ] --START--
INFO: Run Behavior\ContentReplaceBehavior [ RunTime:0.000061s ]
INFO: [ template_filter ] --END-- [ RunTime:0.000113s ]
INFO: Run Behavior\ParseTemplateBehavior [ RunTime:0.017503s ]
INFO: [ view_parse ] --END-- [ RunTime:0.017568s ]
INFO: [ view_filter ] --START--
INFO: Run Behavior\WriteHtmlCacheBehavior [ RunTime:0.000509s ]
INFO: [ view_filter ] --END-- [ RunTime:0.000546s ]
INFO: [ app_end ] --START--
INFO: Run Behavior\ShowPageTraceBehavior [ RunTime:0.000712s ]
INFO: [ app_end ] --END-- [ RunTime:0.000750s ]

[ 2018-01-12T00:15:16+08:00 ] 192.168.1.105 /Home/demoa/met/id/24.html
INFO: [ app_init ] --START--
INFO: Run Behavior\BuildLiteBehavior [ RunTime:0.000020s ]
INFO: [ app_init ] --END-- [ RunTime:0.000427s ]
INFO: [ app_begin ] --START--
INFO: Run Behavior\ReadHtmlCacheBehavior [ RunTime:0.000689s ]
INFO: [ app_begin ] --END-- [ RunTime:0.000752s ]
SQL: SHOW COLUMNS FROM `blog_category` [ RunTime:0.0534s ]
SQL: SELECT * FROM `blog_category` WHERE ( fid = 0 )  [ RunTime:0.0005s ]
SQL: SELECT * FROM `blog_category` WHERE ( fid != 0 )  [ RunTime:0.0003s ]
SQL: SHOW COLUMNS FROM `blog_sites` [ RunTime:0.0357s ]
SQL: SELECT * FROM `blog_sites` WHERE `id` = 1 LIMIT 1   [ RunTime:0.0008s ]
SQL: SHOW COLUMNS FROM `blog_footer` [ RunTime:0.0883s ]
SQL: SELECT * FROM `blog_footer` WHERE ( fid=0 )  [ RunTime:0.0004s ]
SQL: SELECT * FROM `blog_footer` WHERE ( fid!=0 )  [ RunTime:0.0002s ]
SQL: SELECT `name`,`fid`,`type` FROM `blog_category` WHERE ( id = 24 )  [ RunTime:0.0002s ]
SQL: SELECT `fid`,`name` FROM `blog_category` WHERE ( id=24 )  [ RunTime:0.0001s ]
SQL: SELECT * FROM `blog_category` WHERE ( fid=24 )  [ RunTime:0.0002s ]
SQL: SELECT COUNT(*) AS tp_count FROM `blog_category` WHERE ( id=0 ) LIMIT 1   [ RunTime:0.0002s ]
INFO: [ app_end ] --START--
INFO: Run Behavior\ShowPageTraceBehavior [ RunTime:0.001142s ]
INFO: [ app_end ] --END-- [ RunTime:0.001202s ]

[ 2018-01-12T00:15:32+08:00 ] 192.168.1.105 /Home/Demoa/met/id/29.html
INFO: [ app_init ] --START--
INFO: Run Behavior\BuildLiteBehavior [ RunTime:0.000016s ]
INFO: [ app_init ] --END-- [ RunTime:0.000372s ]
INFO: [ app_begin ] --START--
INFO: Run Behavior\ReadHtmlCacheBehavior [ RunTime:0.000561s ]
INFO: [ app_begin ] --END-- [ RunTime:0.000608s ]
SQL: SHOW COLUMNS FROM `blog_category` [ RunTime:0.0527s ]
SQL: SELECT * FROM `blog_category` WHERE ( fid = 0 )  [ RunTime:0.0006s ]
SQL: SELECT * FROM `blog_category` WHERE ( fid != 0 )  [ RunTime:0.0004s ]
SQL: SHOW COLUMNS FROM `blog_sites` [ RunTime:0.0248s ]
SQL: SELECT * FROM `blog_sites` WHERE `id` = 1 LIMIT 1   [ RunTime:0.0004s ]
SQL: SHOW COLUMNS FROM `blog_footer` [ RunTime:0.0327s ]
SQL: SELECT * FROM `blog_footer` WHERE ( fid=0 )  [ RunTime:0.0003s ]
SQL: SELECT * FROM `blog_footer` WHERE ( fid!=0 )  [ RunTime:0.0001s ]
SQL: SELECT `name`,`fid`,`type` FROM `blog_category` WHERE ( id = 29 )  [ RunTime:0.0002s ]
SQL: SELECT `fid`,`name` FROM `blog_category` WHERE ( id=29 )  [ RunTime:0.0001s ]
SQL: SELECT `fid`,`name` FROM `blog_category` WHERE ( id=24 )  [ RunTime:0.0004s ]
SQL: SELECT * FROM `blog_category` WHERE ( fid=24 )  [ RunTime:0.0003s ]
SQL: SELECT COUNT(*) AS tp_count FROM `blog_category` WHERE ( id=24 ) LIMIT 1   [ RunTime:0.0002s ]
SQL: SHOW COLUMNS FROM `blog_demoa` [ RunTime:0.0349s ]
SQL: SELECT `title`,`content` FROM `blog_demoa` WHERE ( status=0 AND fid=29 )  [ RunTime:0.0004s ]
SQL: SELECT * FROM `blog_demoa` WHERE ( status=0 AND fid=29 )  [ RunTime:0.0002s ]
INFO: [ view_parse ] --START--
INFO: [ template_filter ] --START--
INFO: Run Behavior\ContentReplaceBehavior [ RunTime:0.000077s ]
INFO: [ template_filter ] --END-- [ RunTime:0.000148s ]
NOTIC: [8] Use of undefined constant name - assumed 'name' C:\phpStudy\PHPTutorial\WWW\lichengmi\Application\Runtime\Cache\Home\62be6f923c5e1650ff2c07953c760379.php 第 49 行.
NOTIC: [8] Use of undefined constant id - assumed 'id' C:\phpStudy\PHPTutorial\WWW\lichengmi\Application\Runtime\Cache\Home\62be6f923c5e1650ff2c07953c760379.php 第 51 行.
NOTIC: [8] Use of undefined constant id - assumed 'id' C:\phpStudy\PHPTutorial\WWW\lichengmi\Application\Runtime\Cache\Home\62be6f923c5e1650ff2c07953c760379.php 第 51 行.
NOTIC: [8] Undefined index: title C:\phpStudy\PHPTutorial\WWW\lichengmi\Application\Runtime\Cache\Home\62be6f923c5e1650ff2c07953c760379.php 第 71 行.
INFO: Run Behavior\ParseTemplateBehavior [ RunTime:0.021095s ]
INFO: [ view_parse ] --END-- [ RunTime:0.021159s ]
INFO: [ view_filter ] --START--
INFO: Run Behavior\WriteHtmlCacheBehavior [ RunTime:0.000668s ]
INFO: [ view_filter ] --END-- [ RunTime:0.000715s ]
INFO: [ app_end ] --START--
INFO: Run Behavior\ShowPageTraceBehavior [ RunTime:0.000940s ]
INFO: [ app_end ] --END-- [ RunTime:0.000990s ]

[ 2018-01-12T00:15:36+08:00 ] 192.168.1.105 /Home/Demoa/met/id/29.html
INFO: [ app_init ] --START--
INFO: Run Behavior\BuildLiteBehavior [ RunTime:0.000018s ]
INFO: [ app_init ] --END-- [ RunTime:0.000490s ]
INFO: [ app_begin ] --START--
INFO: Run Behavior\ReadHtmlCacheBehavior [ RunTime:0.000674s ]
INFO: [ app_begin ] --END-- [ RunTime:0.000741s ]
SQL: SHOW COLUMNS FROM `blog_category` [ RunTime:0.0519s ]
SQL: SELECT * FROM `blog_category` WHERE ( fid = 0 )  [ RunTime:0.0005s ]
SQL: SELECT * FROM `blog_category` WHERE ( fid != 0 )  [ RunTime:0.0006s ]
SQL: SHOW COLUMNS FROM `blog_sites` [ RunTime:0.0281s ]
SQL: SELECT * FROM `blog_sites` WHERE `id` = 1 LIMIT 1   [ RunTime:0.0006s ]
SQL: SHOW COLUMNS FROM `blog_footer` [ RunTime:0.0328s ]
SQL: SELECT * FROM `blog_footer` WHERE ( fid=0 )  [ RunTime:0.0004s ]
SQL: SELECT * FROM `blog_footer` WHERE ( fid!=0 )  [ RunTime:0.0001s ]
SQL: SELECT `name`,`fid`,`type` FROM `blog_category` WHERE ( id = 29 )  [ RunTime:0.0002s ]
SQL: SELECT `fid`,`name` FROM `blog_category` WHERE ( id=29 )  [ RunTime:0.0001s ]
SQL: SELECT `fid`,`name` FROM `blog_category` WHERE ( id=24 )  [ RunTime:0.0001s ]
SQL: SELECT * FROM `blog_category` WHERE ( fid=24 )  [ RunTime:0.0001s ]
SQL: SELECT COUNT(*) AS tp_count FROM `blog_category` WHERE ( id=24 ) LIMIT 1   [ RunTime:0.0001s ]
SQL: SHOW COLUMNS FROM `blog_demoa` [ RunTime:0.0336s ]
SQL: SELECT `title`,`content` FROM `blog_demoa` WHERE ( status=0 AND fid=29 )  [ RunTime:0.0004s ]
SQL: SELECT * FROM `blog_demoa` WHERE ( status=0 AND fid=29 )  [ RunTime:0.0002s ]
INFO: [ view_parse ] --START--
INFO: [ template_filter ] --START--
INFO: Run Behavior\ContentReplaceBehavior [ RunTime:0.000072s ]
INFO: [ template_filter ] --END-- [ RunTime:0.000140s ]
NOTIC: [8] Use of undefined constant name - assumed 'name' C:\phpStudy\PHPTutorial\WWW\lichengmi\Application\Runtime\Cache\Home\62be6f923c5e1650ff2c07953c760379.php 第 49 行.
NOTIC: [8] Use of undefined constant id - assumed 'id' C:\phpStudy\PHPTutorial\WWW\lichengmi\Application\Runtime\Cache\Home\62be6f923c5e1650ff2c07953c760379.php 第 51 行.
NOTIC: [8] Use of undefined constant id - assumed 'id' C:\phpStudy\PHPTutorial\WWW\lichengmi\Application\Runtime\Cache\Home\62be6f923c5e1650ff2c07953c760379.php 第 51 行.
NOTIC: [8] Undefined index: title C:\phpStudy\PHPTutorial\WWW\lichengmi\Application\Runtime\Cache\Home\62be6f923c5e1650ff2c07953c760379.php 第 71 行.
INFO: Run Behavior\ParseTemplateBehavior [ RunTime:0.021447s ]
INFO: [ view_parse ] --END-- [ RunTime:0.021513s ]
INFO: [ view_filter ] --START--
INFO: Run Behavior\WriteHtmlCacheBehavior [ RunTime:0.000821s ]
INFO: [ view_filter ] --END-- [ RunTime:0.000884s ]
INFO: [ app_end ] --START--
INFO: Run Behavior\ShowPageTraceBehavior [ RunTime:0.001046s ]
INFO: [ app_end ] --END-- [ RunTime:0.001107s ]

[ 2018-01-12T00:15:43+08:00 ] 192.168.1.105 /
INFO: [ app_init ] --START--
INFO: Run Behavior\BuildLiteBehavior [ RunTime:0.000018s ]
INFO: [ app_init ] --END-- [ RunTime:0.000402s ]
INFO: [ app_begin ] --START--
INFO: Run Behavior\ReadHtmlCacheBehavior [ RunTime:0.000620s ]
INFO: [ app_begin ] --END-- [ RunTime:0.000680s ]
SQL: SHOW COLUMNS FROM `blog_category` [ RunTime:0.0393s ]
SQL: SELECT * FROM `blog_category` WHERE ( fid = 0 )  [ RunTime:0.0004s ]
SQL: SELECT * FROM `blog_category` WHERE ( fid != 0 )  [ RunTime:0.0002s ]
SQL: SHOW COLUMNS FROM `blog_sites` [ RunTime:0.0295s ]
SQL: SELECT * FROM `blog_sites` WHERE `id` = 1 LIMIT 1   [ RunTime:0.0005s ]
SQL: SHOW COLUMNS FROM `blog_footer` [ RunTime:0.0271s ]
SQL: SELECT * FROM `blog_footer` WHERE ( fid=0 )  [ RunTime:0.0004s ]
SQL: SELECT * FROM `blog_footer` WHERE ( fid!=0 )  [ RunTime:0.0004s ]
SQL: SHOW COLUMNS FROM `blog_ksildes` [ RunTime:0.0246s ]
SQL: SELECT * FROM `blog_ksildes` WHERE ( status=1 ) ORDER BY id desc  [ RunTime:0.0004s ]
NOTIC: [8] Undefined offset: 4 C:\phpStudy\PHPTutorial\WWW\lichengmi\Application\Home\Controller\BaseController.class.php 第 70 行.
SQL: SHOW COLUMNS FROM `blog_indexmulu` [ RunTime:0.0246s ]
SQL: SELECT * FROM `blog_indexmulu` WHERE `id` = 1 LIMIT 1   [ RunTime:0.0005s ]
SQL: SHOW COLUMNS FROM `blog_demoa` [ RunTime:0.0238s ]
SQL: SELECT * FROM `blog_demoa` WHERE ( fid=2 )  [ RunTime:0.0004s ]
SQL: SELECT * FROM `blog_demoa` WHERE ( fid=27 )  [ RunTime:0.0002s ]
INFO: [ view_parse ] --START--
INFO: [ template_filter ] --START--
INFO: Run Behavior\ContentReplaceBehavior [ RunTime:0.000108s ]
INFO: [ template_filter ] --END-- [ RunTime:0.000182s ]
NOTIC: [8] Undefined variable: navat C:\phpStudy\PHPTutorial\WWW\lichengmi\Application\Runtime\Cache\Home\4ff1c5b8284f90a50fd957ef30c3e1de.php 第 30 行.
NOTIC: [8] Undefined variable: navat C:\phpStudy\PHPTutorial\WWW\lichengmi\Application\Runtime\Cache\Home\4ff1c5b8284f90a50fd957ef30c3e1de.php 第 30 行.
NOTIC: [8] Undefined variable: navat C:\phpStudy\PHPTutorial\WWW\lichengmi\Application\Runtime\Cache\Home\4ff1c5b8284f90a50fd957ef30c3e1de.php 第 30 行.
NOTIC: [8] Undefined variable: navat C:\phpStudy\PHPTutorial\WWW\lichengmi\Application\Runtime\Cache\Home\4ff1c5b8284f90a50fd957ef30c3e1de.php 第 30 行.
NOTIC: [8] Undefined variable: navat C:\phpStudy\PHPTutorial\WWW\lichengmi\Application\Runtime\Cache\Home\4ff1c5b8284f90a50fd957ef30c3e1de.php 第 30 行.
NOTIC: [8] Undefined variable: navat C:\phpStudy\PHPTutorial\WWW\lichengmi\Application\Runtime\Cache\Home\4ff1c5b8284f90a50fd957ef30c3e1de.php 第 30 行.
INFO: Run Behavior\ParseTemplateBehavior [ RunTime:0.174691s ]
INFO: [ view_parse ] --END-- [ RunTime:0.174745s ]
INFO: [ view_filter ] --START--
INFO: Run Behavior\WriteHtmlCacheBehavior [ RunTime:0.000539s ]
INFO: [ view_filter ] --END-- [ RunTime:0.000583s ]
INFO: [ app_end ] --START--
INFO: Run Behavior\ShowPageTraceBehavior [ RunTime:0.001093s ]
INFO: [ app_end ] --END-- [ RunTime:0.001161s ]

[ 2018-01-12T00:16:03+08:00 ] 192.168.1.105 /Home/Demoa/index/id/8.html
INFO: [ app_init ] --START--
INFO: Run Behavior\BuildLiteBehavior [ RunTime:0.000017s ]
INFO: [ app_init ] --END-- [ RunTime:0.000411s ]
INFO: [ app_begin ] --START--
INFO: Run Behavior\ReadHtmlCacheBehavior [ RunTime:0.000716s ]
INFO: [ app_begin ] --END-- [ RunTime:0.000767s ]
SQL: SHOW COLUMNS FROM `blog_category` [ RunTime:0.0415s ]
SQL: SELECT * FROM `blog_category` WHERE ( fid = 0 )  [ RunTime:0.0006s ]
SQL: SELECT * FROM `blog_category` WHERE ( fid != 0 )  [ RunTime:0.0003s ]
SQL: SHOW COLUMNS FROM `blog_sites` [ RunTime:0.0293s ]
SQL: SELECT * FROM `blog_sites` WHERE `id` = 1 LIMIT 1   [ RunTime:0.0004s ]
SQL: SHOW COLUMNS FROM `blog_footer` [ RunTime:0.0285s ]
SQL: SELECT * FROM `blog_footer` WHERE ( fid=0 )  [ RunTime:0.0004s ]
SQL: SELECT * FROM `blog_footer` WHERE ( fid!=0 )  [ RunTime:0.0002s ]
SQL: SHOW COLUMNS FROM `blog_demoa` [ RunTime:0.0342s ]
SQL: SELECT `fid`,`title` FROM `blog_demoa` WHERE ( id = 8 )  [ RunTime:0.0003s ]
SQL: SELECT `fid`,`name` FROM `blog_category` WHERE ( id=2 )  [ RunTime:0.0001s ]
SQL: SELECT `fid`,`name` FROM `blog_category` WHERE ( id=1 )  [ RunTime:0.0001s ]
SQL: SELECT * FROM `blog_category` WHERE ( fid=1 )  [ RunTime:0.0002s ]
SQL: SELECT `content`,`pic1`,`pic2`,`pic3`,`pic4`,`title`,`type` FROM `blog_demoa` WHERE ( status=0 AND id=8 )  [ RunTime:0.0003s ]
NOTIC: [8] Undefined offset: 4 C:\phpStudy\PHPTutorial\WWW\lichengmi\Application\Home\Controller\DemoaController.class.php 第 18 行.
INFO: [ view_parse ] --START--
INFO: [ template_filter ] --START--
INFO: Run Behavior\ContentReplaceBehavior [ RunTime:0.000063s ]
INFO: [ template_filter ] --END-- [ RunTime:0.000117s ]
INFO: Run Behavior\ParseTemplateBehavior [ RunTime:0.139007s ]
INFO: [ view_parse ] --END-- [ RunTime:0.139090s ]
INFO: [ view_filter ] --START--
INFO: Run Behavior\WriteHtmlCacheBehavior [ RunTime:0.000779s ]
INFO: [ view_filter ] --END-- [ RunTime:0.000839s ]
INFO: [ app_end ] --START--
INFO: Run Behavior\ShowPageTraceBehavior [ RunTime:0.001475s ]
INFO: [ app_end ] --END-- [ RunTime:0.001587s ]

[ 2018-01-12T00:25:25+08:00 ] ::1 /Home/demoa/met/id/Public/Default/css/sweetalert.css
ERR: SQLSTATE[42S22]: Column not found: 1054 Unknown column 'Public' in 'where clause'

[ 2018-01-12T00:25:26+08:00 ] ::1 /Home/demoa/met/id/Public/Default/js/jquery.js
ERR: SQLSTATE[42S22]: Column not found: 1054 Unknown column 'Public' in 'where clause'

[ 2018-01-12T00:43:44+08:00 ] ::1 /Home/Demoa/met/id/23.html
ERR: SQLSTATE[42S22]: Column not found: 1054 Unknown column 'Array' in 'where clause'

